1762160412.954085 client started (44719): version 3.5a, socket /private/tmp/tmux-503/default, protocol 8
1762160412.954127 on Darwin 24.5.0 Darwin Kernel Version 24.5.0: Tue Apr 22 19:54:33 PDT 2025; root:xnu-11417.121.6~2/RELEASE_ARM64_T8122
1762160412.954137 using libevent 2.1.12-stable select
1762160412.954145 using utf8proc 2.11.0
1762160412.954151 using ncurses 6.5 20240427
1762160412.954164 flags are 0x10010000
1762160412.954169 socket is /private/tmp/tmux-503/default
1762160412.954178 trying connect
1762160412.954210 add peer 0x118008000: 6 (0x0)
1762160412.955532 sending message 111 to peer 0x118008000 (8 bytes)
1762160412.955544 sending message 111 to peer 0x118008000 (8 bytes)
1762160412.955551 sending message 101 to peer 0x118008000 (15 bytes)
1762160412.955557 sending message 109 to peer 0x118008000 (4 bytes)
1762160412.955563 sending message 102 to peer 0x118008000 (13 bytes)
1762160412.955568 sending message 108 to peer 0x118008000 (29 bytes)
1762160412.955574 sending message 112 to peer 0x118008000 (58 bytes)
1762160412.955579 sending message 112 to peer 0x118008000 (5 bytes)
1762160412.955584 sending message 112 to peer 0x118008000 (5 bytes)
1762160412.955589 sending message 112 to peer 0x118008000 (6 bytes)
1762160412.955595 sending message 112 to peer 0x118008000 (6 bytes)
1762160412.955600 sending message 112 to peer 0x118008000 (11 bytes)
1762160412.955605 sending message 112 to peer 0x118008000 (10 bytes)
1762160412.955610 sending message 112 to peer 0x118008000 (13 bytes)
1762160412.955615 sending message 112 to peer 0x118008000 (14 bytes)
1762160412.955620 sending message 112 to peer 0x118008000 (19 bytes)
1762160412.955625 sending message 112 to peer 0x118008000 (11 bytes)
1762160412.955631 sending message 112 to peer 0x118008000 (10 bytes)
1762160412.955636 sending message 112 to peer 0x118008000 (15 bytes)
1762160412.955641 sending message 112 to peer 0x118008000 (21 bytes)
1762160412.955646 sending message 112 to peer 0x118008000 (13 bytes)
1762160412.955651 sending message 112 to peer 0x118008000 (7 bytes)
1762160412.955656 sending message 112 to peer 0x118008000 (13 bytes)
1762160412.955661 sending message 112 to peer 0x118008000 (7 bytes)
1762160412.955666 sending message 112 to peer 0x118008000 (13 bytes)
1762160412.955671 sending message 112 to peer 0x118008000 (9 bytes)
1762160412.955677 sending message 112 to peer 0x118008000 (21 bytes)
1762160412.955682 sending message 112 to peer 0x118008000 (13 bytes)
1762160412.955687 sending message 112 to peer 0x118008000 (9 bytes)
1762160412.955692 sending message 112 to peer 0x118008000 (16 bytes)
1762160412.955697 sending message 112 to peer 0x118008000 (13 bytes)
1762160412.955701 sending message 112 to peer 0x118008000 (9 bytes)
1762160412.955707 sending message 112 to peer 0x118008000 (9 bytes)
1762160412.955714 sending message 112 to peer 0x118008000 (12 bytes)
1762160412.955719 sending message 112 to peer 0x118008000 (8 bytes)
1762160412.955724 sending message 112 to peer 0x118008000 (8 bytes)
1762160412.955729 sending message 112 to peer 0x118008000 (13 bytes)
1762160412.955735 sending message 112 to peer 0x118008000 (7 bytes)
1762160412.955740 sending message 112 to peer 0x118008000 (7 bytes)
1762160412.955748 sending message 112 to peer 0x118008000 (9 bytes)
1762160412.955754 sending message 112 to peer 0x118008000 (9 bytes)
1762160412.955759 sending message 112 to peer 0x118008000 (15 bytes)
1762160412.955765 sending message 112 to peer 0x118008000 (13 bytes)
1762160412.955771 sending message 112 to peer 0x118008000 (12 bytes)
1762160412.955776 sending message 112 to peer 0x118008000 (8 bytes)
1762160412.955781 sending message 112 to peer 0x118008000 (14 bytes)
1762160412.955787 sending message 112 to peer 0x118008000 (11 bytes)
1762160412.955792 sending message 112 to peer 0x118008000 (9 bytes)
1762160412.955798 sending message 112 to peer 0x118008000 (10 bytes)
1762160412.955804 sending message 112 to peer 0x118008000 (10 bytes)
1762160412.955809 sending message 112 to peer 0x118008000 (10 bytes)
1762160412.955815 sending message 112 to peer 0x118008000 (10 bytes)
1762160412.955825 sending message 112 to peer 0x118008000 (11 bytes)
1762160412.955830 sending message 112 to peer 0x118008000 (12 bytes)
1762160412.955835 sending message 112 to peer 0x118008000 (12 bytes)
1762160412.955840 sending message 112 to peer 0x118008000 (12 bytes)
1762160412.955845 sending message 112 to peer 0x118008000 (12 bytes)
1762160412.955850 sending message 112 to peer 0x118008000 (12 bytes)
1762160412.955855 sending message 112 to peer 0x118008000 (11 bytes)
1762160412.955860 sending message 112 to peer 0x118008000 (11 bytes)
1762160412.955864 sending message 112 to peer 0x118008000 (12 bytes)
1762160412.955869 sending message 112 to peer 0x118008000 (12 bytes)
1762160412.955874 sending message 112 to peer 0x118008000 (12 bytes)
1762160412.955879 sending message 112 to peer 0x118008000 (12 bytes)
1762160412.955884 sending message 112 to peer 0x118008000 (12 bytes)
1762160412.955888 sending message 112 to peer 0x118008000 (9 bytes)
1762160412.955893 sending message 112 to peer 0x118008000 (12 bytes)
1762160412.955898 sending message 112 to peer 0x118008000 (13 bytes)
1762160412.955903 sending message 112 to peer 0x118008000 (13 bytes)
1762160412.955908 sending message 112 to peer 0x118008000 (13 bytes)
1762160412.955913 sending message 112 to peer 0x118008000 (13 bytes)
1762160412.955918 sending message 112 to peer 0x118008000 (13 bytes)
1762160412.955923 sending message 112 to peer 0x118008000 (8 bytes)
1762160412.955930 sending message 112 to peer 0x118008000 (11 bytes)
1762160412.955935 sending message 112 to peer 0x118008000 (11 bytes)
1762160412.955940 sending message 112 to peer 0x118008000 (11 bytes)
1762160412.955945 sending message 112 to peer 0x118008000 (12 bytes)
1762160412.955950 sending message 112 to peer 0x118008000 (12 bytes)
1762160412.955955 sending message 112 to peer 0x118008000 (12 bytes)
1762160412.955961 sending message 112 to peer 0x118008000 (12 bytes)
1762160412.955966 sending message 112 to peer 0x118008000 (13 bytes)
1762160412.955971 sending message 112 to peer 0x118008000 (13 bytes)
1762160412.955976 sending message 112 to peer 0x118008000 (13 bytes)
1762160412.955981 sending message 112 to peer 0x118008000 (8 bytes)
1762160412.955985 sending message 112 to peer 0x118008000 (13 bytes)
1762160412.955990 sending message 112 to peer 0x118008000 (13 bytes)
1762160412.955995 sending message 112 to peer 0x118008000 (13 bytes)
1762160412.955999 sending message 112 to peer 0x118008000 (13 bytes)
1762160412.956004 sending message 112 to peer 0x118008000 (13 bytes)
1762160412.956009 sending message 112 to peer 0x118008000 (12 bytes)
1762160412.956014 sending message 112 to peer 0x118008000 (12 bytes)
1762160412.956018 sending message 112 to peer 0x118008000 (12 bytes)
1762160412.956023 sending message 112 to peer 0x118008000 (12 bytes)
1762160412.956028 sending message 112 to peer 0x118008000 (13 bytes)
1762160412.956033 sending message 112 to peer 0x118008000 (8 bytes)
1762160412.956037 sending message 112 to peer 0x118008000 (13 bytes)
1762160412.956042 sending message 112 to peer 0x118008000 (13 bytes)
1762160412.956047 sending message 112 to peer 0x118008000 (13 bytes)
1762160412.956051 sending message 112 to peer 0x118008000 (13 bytes)
1762160412.956056 sending message 112 to peer 0x118008000 (13 bytes)
1762160412.956061 sending message 112 to peer 0x118008000 (13 bytes)
1762160412.956066 sending message 112 to peer 0x118008000 (13 bytes)
1762160412.956071 sending message 112 to peer 0x118008000 (12 bytes)
1762160412.956076 sending message 112 to peer 0x118008000 (12 bytes)
1762160412.956080 sending message 112 to peer 0x118008000 (12 bytes)
1762160412.956085 sending message 112 to peer 0x118008000 (8 bytes)
1762160412.956091 sending message 112 to peer 0x118008000 (12 bytes)
1762160412.956095 sending message 112 to peer 0x118008000 (13 bytes)
1762160412.956100 sending message 112 to peer 0x118008000 (13 bytes)
1762160412.956104 sending message 112 to peer 0x118008000 (13 bytes)
1762160412.956108 sending message 112 to peer 0x118008000 (13 bytes)
1762160412.956117 sending message 112 to peer 0x118008000 (13 bytes)
1762160412.956121 sending message 112 to peer 0x118008000 (13 bytes)
1762160412.956128 sending message 112 to peer 0x118008000 (13 bytes)
1762160412.956132 sending message 112 to peer 0x118008000 (13 bytes)
1762160412.956137 sending message 112 to peer 0x118008000 (12 bytes)
1762160412.956142 sending message 112 to peer 0x118008000 (10 bytes)
1762160412.956146 sending message 112 to peer 0x118008000 (12 bytes)
1762160412.956151 sending message 112 to peer 0x118008000 (12 bytes)
1762160412.956157 sending message 112 to peer 0x118008000 (12 bytes)
1762160412.956162 sending message 112 to peer 0x118008000 (13 bytes)
1762160412.956167 sending message 112 to peer 0x118008000 (13 bytes)
1762160412.956172 sending message 112 to peer 0x118008000 (13 bytes)
1762160412.956176 sending message 112 to peer 0x118008000 (13 bytes)
1762160412.956182 sending message 112 to peer 0x118008000 (13 bytes)
1762160412.956186 sending message 112 to peer 0x118008000 (13 bytes)
1762160412.956191 sending message 112 to peer 0x118008000 (13 bytes)
1762160412.956196 sending message 112 to peer 0x118008000 (10 bytes)
1762160412.956201 sending message 112 to peer 0x118008000 (13 bytes)
1762160412.956206 sending message 112 to peer 0x118008000 (12 bytes)
1762160412.956210 sending message 112 to peer 0x118008000 (12 bytes)
1762160412.956215 sending message 112 to peer 0x118008000 (12 bytes)
1762160412.956220 sending message 112 to peer 0x118008000 (10 bytes)
1762160412.956224 sending message 112 to peer 0x118008000 (10 bytes)
1762160412.956229 sending message 112 to peer 0x118008000 (10 bytes)
1762160412.956234 sending message 112 to peer 0x118008000 (12 bytes)
1762160412.956239 sending message 112 to peer 0x118008000 (13 bytes)
1762160412.956244 sending message 112 to peer 0x118008000 (13 bytes)
1762160412.956249 sending message 112 to peer 0x118008000 (13 bytes)
1762160412.956254 sending message 112 to peer 0x118008000 (13 bytes)
1762160412.956259 sending message 112 to peer 0x118008000 (13 bytes)
1762160412.956263 sending message 112 to peer 0x118008000 (10 bytes)
1762160412.956268 sending message 112 to peer 0x118008000 (11 bytes)
1762160412.956273 sending message 112 to peer 0x118008000 (12 bytes)
1762160412.956278 sending message 112 to peer 0x118008000 (12 bytes)
1762160412.956282 sending message 112 to peer 0x118008000 (12 bytes)
1762160412.956287 sending message 112 to peer 0x118008000 (12 bytes)
1762160412.956291 sending message 112 to peer 0x118008000 (12 bytes)
1762160412.956296 sending message 112 to peer 0x118008000 (11 bytes)
1762160412.956301 sending message 112 to peer 0x118008000 (12 bytes)
1762160412.956306 sending message 112 to peer 0x118008000 (12 bytes)
1762160412.956311 sending message 112 to peer 0x118008000 (13 bytes)
1762160412.956316 sending message 112 to peer 0x118008000 (13 bytes)
1762160412.956322 sending message 112 to peer 0x118008000 (13 bytes)
1762160412.956327 sending message 112 to peer 0x118008000 (13 bytes)
1762160412.956332 sending message 112 to peer 0x118008000 (13 bytes)
1762160412.956336 sending message 112 to peer 0x118008000 (10 bytes)
1762160412.956341 sending message 112 to peer 0x118008000 (9 bytes)
1762160412.956345 sending message 112 to peer 0x118008000 (12 bytes)
1762160412.956352 sending message 112 to peer 0x118008000 (13 bytes)
1762160412.956356 sending message 112 to peer 0x118008000 (13 bytes)
1762160412.956361 sending message 112 to peer 0x118008000 (13 bytes)
1762160412.956366 sending message 112 to peer 0x118008000 (13 bytes)
1762160412.956371 sending message 112 to peer 0x118008000 (13 bytes)
1762160412.956376 sending message 112 to peer 0x118008000 (9 bytes)
1762160412.956381 sending message 112 to peer 0x118008000 (12 bytes)
1762160412.956386 sending message 112 to peer 0x118008000 (13 bytes)
1762160412.956391 sending message 112 to peer 0x118008000 (13 bytes)
1762160412.956395 sending message 112 to peer 0x118008000 (13 bytes)
1762160412.956400 sending message 112 to peer 0x118008000 (13 bytes)
1762160412.956405 sending message 112 to peer 0x118008000 (13 bytes)
1762160412.956413 sending message 112 to peer 0x118008000 (11 bytes)
1762160412.956419 sending message 112 to peer 0x118008000 (12 bytes)
1762160412.956423 sending message 112 to peer 0x118008000 (13 bytes)
1762160412.956428 sending message 112 to peer 0x118008000 (13 bytes)
1762160412.956433 sending message 112 to peer 0x118008000 (13 bytes)
1762160412.956437 sending message 112 to peer 0x118008000 (13 bytes)
1762160412.956441 sending message 112 to peer 0x118008000 (13 bytes)
1762160412.956445 sending message 112 to peer 0x118008000 (11 bytes)
1762160412.956450 sending message 112 to peer 0x118008000 (12 bytes)
1762160412.956454 sending message 112 to peer 0x118008000 (12 bytes)
1762160412.956458 sending message 112 to peer 0x118008000 (12 bytes)
1762160412.956463 sending message 112 to peer 0x118008000 (12 bytes)
1762160412.956467 sending message 112 to peer 0x118008000 (12 bytes)
1762160412.956471 sending message 112 to peer 0x118008000 (21 bytes)
1762160412.956475 sending message 112 to peer 0x118008000 (12 bytes)
1762160412.956480 sending message 112 to peer 0x118008000 (9 bytes)
1762160412.956484 sending message 112 to peer 0x118008000 (6 bytes)
1762160412.956488 sending message 112 to peer 0x118008000 (13 bytes)
1762160412.956493 sending message 112 to peer 0x118008000 (10 bytes)
1762160412.956497 sending message 112 to peer 0x118008000 (24 bytes)
1762160412.956501 sending message 112 to peer 0x118008000 (13 bytes)
1762160412.956505 sending message 112 to peer 0x118008000 (9 bytes)
1762160412.956512 sending message 112 to peer 0x118008000 (70 bytes)
1762160412.956517 sending message 112 to peer 0x118008000 (69 bytes)
1762160412.956521 sending message 112 to peer 0x118008000 (12 bytes)
1762160412.956525 sending message 112 to peer 0x118008000 (10 bytes)
1762160412.956530 sending message 112 to peer 0x118008000 (10 bytes)
1762160412.956534 sending message 112 to peer 0x118008000 (24 bytes)
1762160412.956541 sending message 112 to peer 0x118008000 (13 bytes)
1762160412.956546 sending message 112 to peer 0x118008000 (10 bytes)
1762160412.956551 sending message 112 to peer 0x118008000 (10 bytes)
1762160412.956555 sending message 112 to peer 0x118008000 (10 bytes)
1762160412.956560 sending message 112 to peer 0x118008000 (13 bytes)
1762160412.956565 sending message 112 to peer 0x118008000 (15 bytes)
1762160412.956570 sending message 112 to peer 0x118008000 (5 bytes)
1762160412.956575 sending message 104 to peer 0x118008000 (0 bytes)
1762160412.956580 sending message 110 to peer 0x118008000 (0 bytes)
1762160412.956585 sending message 107 to peer 0x118008000 (4 bytes)
1762160412.956590 sending message 105 to peer 0x118008000 (127 bytes)
1762160412.956595 sending message 105 to peer 0x118008000 (50 bytes)
1762160412.956600 sending message 105 to peer 0x118008000 (47 bytes)
1762160412.956605 sending message 105 to peer 0x118008000 (20 bytes)
1762160412.956609 sending message 105 to peer 0x118008000 (22 bytes)
1762160412.956614 sending message 105 to peer 0x118008000 (29 bytes)
1762160412.956619 sending message 105 to peer 0x118008000 (42 bytes)
1762160412.956624 sending message 105 to peer 0x118008000 (28 bytes)
1762160412.956628 sending message 105 to peer 0x118008000 (24 bytes)
1762160412.956633 sending message 105 to peer 0x118008000 (12 bytes)
1762160412.956638 sending message 105 to peer 0x118008000 (23 bytes)
1762160412.956643 sending message 105 to peer 0x118008000 (27 bytes)
1762160412.956648 sending message 105 to peer 0x118008000 (23 bytes)
1762160412.956653 sending message 105 to peer 0x118008000 (17 bytes)
1762160412.956657 sending message 105 to peer 0x118008000 (27 bytes)
1762160412.956662 sending message 105 to peer 0x118008000 (25 bytes)
1762160412.956667 sending message 105 to peer 0x118008000 (23 bytes)
1762160412.956671 sending message 105 to peer 0x118008000 (16 bytes)
1762160412.956676 sending message 105 to peer 0x118008000 (15 bytes)
1762160412.956681 sending message 105 to peer 0x118008000 (27 bytes)
1762160412.956685 sending message 105 to peer 0x118008000 (45 bytes)
1762160412.956695 sending message 105 to peer 0x118008000 (18 bytes)
1762160412.956700 sending message 105 to peer 0x118008000 (89 bytes)
1762160412.956705 sending message 105 to peer 0x118008000 (45 bytes)
1762160412.956712 sending message 105 to peer 0x118008000 (25 bytes)
1762160412.956717 sending message 105 to peer 0x118008000 (32 bytes)
1762160412.956723 sending message 105 to peer 0x118008000 (1012 bytes)
1762160412.956728 sending message 105 to peer 0x118008000 (80 bytes)
1762160412.956733 sending message 105 to peer 0x118008000 (321 bytes)
1762160412.956738 sending message 105 to peer 0x118008000 (34 bytes)
1762160412.956745 sending message 105 to peer 0x118008000 (55 bytes)
1762160412.956750 sending message 105 to peer 0x118008000 (57 bytes)
1762160412.956755 sending message 105 to peer 0x118008000 (75 bytes)
1762160412.956760 sending message 105 to peer 0x118008000 (34 bytes)
1762160412.956765 sending message 105 to peer 0x118008000 (123 bytes)
1762160412.956770 sending message 105 to peer 0x118008000 (16 bytes)
1762160412.956774 sending message 105 to peer 0x118008000 (30 bytes)
1762160412.956779 sending message 105 to peer 0x118008000 (37 bytes)
1762160412.956785 sending message 105 to peer 0x118008000 (37 bytes)
1762160412.956791 sending message 105 to peer 0x118008000 (39 bytes)
1762160412.956796 sending message 105 to peer 0x118008000 (38 bytes)
1762160412.956800 sending message 105 to peer 0x118008000 (40 bytes)
1762160412.956805 sending message 105 to peer 0x118008000 (42 bytes)
1762160412.956809 sending message 105 to peer 0x118008000 (37 bytes)
1762160412.956813 sending message 105 to peer 0x118008000 (40 bytes)
1762160412.956818 sending message 105 to peer 0x118008000 (36 bytes)
1762160412.956822 sending message 105 to peer 0x118008000 (37 bytes)
1762160412.956826 sending message 105 to peer 0x118008000 (46 bytes)
1762160412.956831 sending message 105 to peer 0x118008000 (35 bytes)
1762160412.956835 sending message 105 to peer 0x118008000 (48 bytes)
1762160412.956839 sending message 105 to peer 0x118008000 (36 bytes)
1762160412.956844 sending message 105 to peer 0x118008000 (41 bytes)
1762160412.956848 sending message 105 to peer 0x118008000 (36 bytes)
1762160412.956852 sending message 105 to peer 0x118008000 (25 bytes)
1762160412.956856 sending message 105 to peer 0x118008000 (37 bytes)
1762160412.956861 sending message 105 to peer 0x118008000 (30 bytes)
1762160412.956865 sending message 105 to peer 0x118008000 (34 bytes)
1762160412.956869 sending message 105 to peer 0x118008000 (35 bytes)
1762160412.956874 sending message 105 to peer 0x118008000 (17 bytes)
1762160412.956878 sending message 105 to peer 0x118008000 (21 bytes)
1762160412.956882 sending message 105 to peer 0x118008000 (37 bytes)
1762160412.956886 sending message 105 to peer 0x118008000 (8 bytes)
1762160412.956890 sending message 105 to peer 0x118008000 (21 bytes)
1762160412.956895 sending message 105 to peer 0x118008000 (32 bytes)
1762160412.956901 sending message 105 to peer 0x118008000 (96 bytes)
1762160412.956906 sending message 105 to peer 0x118008000 (54 bytes)
1762160412.956910 sending message 105 to peer 0x118008000 (20 bytes)
1762160412.956915 sending message 105 to peer 0x118008000 (105 bytes)
1762160412.956920 sending message 105 to peer 0x118008000 (50 bytes)
1762160412.956924 sending message 105 to peer 0x118008000 (180 bytes)
1762160412.956931 sending message 105 to peer 0x118008000 (24 bytes)
1762160412.956936 sending message 105 to peer 0x118008000 (12 bytes)
1762160412.956941 sending message 105 to peer 0x118008000 (11 bytes)
1762160412.956946 sending message 105 to peer 0x118008000 (1034 bytes)
1762160412.956951 sending message 105 to peer 0x118008000 (33 bytes)
1762160412.956956 sending message 105 to peer 0x118008000 (38 bytes)
1762160412.956961 sending message 105 to peer 0x118008000 (16 bytes)
1762160412.956966 sending message 105 to peer 0x118008000 (24 bytes)
1762160412.956971 sending message 105 to peer 0x118008000 (45 bytes)
1762160412.956975 sending message 105 to peer 0x118008000 (63 bytes)
1762160412.956980 sending message 105 to peer 0x118008000 (24 bytes)
1762160412.956988 sending message 105 to peer 0x118008000 (15 bytes)
1762160412.956993 sending message 105 to peer 0x118008000 (8 bytes)
1762160412.956998 sending message 105 to peer 0x118008000 (66 bytes)
1762160412.957003 sending message 105 to peer 0x118008000 (20 bytes)
1762160412.957007 sending message 105 to peer 0x118008000 (63 bytes)
1762160412.957012 sending message 105 to peer 0x118008000 (18 bytes)
1762160412.957017 sending message 105 to peer 0x118008000 (26 bytes)
1762160412.957022 sending message 105 to peer 0x118008000 (57 bytes)
1762160412.957027 sending message 105 to peer 0x118008000 (43 bytes)
1762160412.957031 sending message 105 to peer 0x118008000 (41 bytes)
1762160412.957036 sending message 105 to peer 0x118008000 (53 bytes)
1762160412.957041 sending message 105 to peer 0x118008000 (13 bytes)
1762160412.957045 sending message 105 to peer 0x118008000 (59 bytes)
1762160412.957050 sending message 105 to peer 0x118008000 (53 bytes)
1762160412.957055 sending message 105 to peer 0x118008000 (42 bytes)
1762160412.957060 sending message 105 to peer 0x118008000 (18 bytes)
1762160412.957065 sending message 105 to peer 0x118008000 (18 bytes)
1762160412.957070 sending message 105 to peer 0x118008000 (42 bytes)
1762160412.957075 sending message 105 to peer 0x118008000 (44 bytes)
1762160412.957079 sending message 105 to peer 0x118008000 (98 bytes)
1762160412.957084 sending message 105 to peer 0x118008000 (47 bytes)
1762160412.957089 sending message 105 to peer 0x118008000 (48 bytes)
1762160412.957094 sending message 105 to peer 0x118008000 (14 bytes)
1762160412.957101 sending message 105 to peer 0x118008000 (19 bytes)
1762160412.957106 sending message 105 to peer 0x118008000 (35 bytes)
1762160412.957112 sending message 105 to peer 0x118008000 (26 bytes)
1762160412.957116 sending message 105 to peer 0x118008000 (22 bytes)
1762160412.957122 sending message 105 to peer 0x118008000 (43 bytes)
1762160412.957127 sending message 105 to peer 0x118008000 (32 bytes)
1762160412.957132 sending message 105 to peer 0x118008000 (128 bytes)
1762160412.957137 sending message 105 to peer 0x118008000 (36 bytes)
1762160412.957142 sending message 105 to peer 0x118008000 (10 bytes)
1762160412.957147 sending message 105 to peer 0x118008000 (25 bytes)
1762160412.957152 sending message 106 to peer 0x118008000 (0 bytes)
1762160412.957201 sending message 200 to peer 0x118008000 (4 bytes)
1762160412.957207 client loop enter
1762160412.957377 peer 0x118008000 message 303
1762160412.957387 open write file 2 -
1762160412.957401 sending message 305 to peer 0x118008000 (8 bytes)
1762160412.957411 write check file 2
1762160412.957422 peer 0x118008000 message 304
1762160412.957427 write 58 to file 2
1762160412.957432 peer 0x118008000 message 203
1762160412.957437 file 2 58 bytes left
1762160412.957449 write check file 2
1762160412.957454 client loop exit
