1784303904.218751 client started (1049196): version 3.7b, socket /tmp/tmux-1000/default, protocol 8
1784303904.218792 on Linux 6.17.0-35-generic #35~24.04.1-Ubuntu SMP PREEMPT_DYNAMIC Tue May 26 19:30:42 UTC 2
1784303904.218799 using libevent 2.1.12-stable poll
1784303904.218805 using ncurses 6.4 20240113
1784303904.218831 flags are 0x10010000
1784303904.218837 socket is /tmp/tmux-1000/default
1784303904.218852 trying connect
1784303904.218887 add peer 0x5bb0efdef5d0: 6 ((nil))
1784303904.219358 sending message 111 to peer 0x5bb0efdef5d0 (8 bytes)
1784303904.219380 sending message 111 to peer 0x5bb0efdef5d0 (8 bytes)
1784303904.219387 sending message 101 to peer 0x5bb0efdef5d0 (15 bytes)
1784303904.219394 sending message 109 to peer 0x5bb0efdef5d0 (4 bytes)
1784303904.219401 sending message 102 to peer 0x5bb0efdef5d0 (11 bytes)
1784303904.219408 sending message 108 to peer 0x5bb0efdef5d0 (24 bytes)
1784303904.219415 sending message 112 to peer 0x5bb0efdef5d0 (58 bytes)
1784303904.219421 sending message 112 to peer 0x5bb0efdef5d0 (5 bytes)
1784303904.219426 sending message 112 to peer 0x5bb0efdef5d0 (5 bytes)
1784303904.219432 sending message 112 to peer 0x5bb0efdef5d0 (6 bytes)
1784303904.219437 sending message 112 to peer 0x5bb0efdef5d0 (6 bytes)
1784303904.219442 sending message 112 to peer 0x5bb0efdef5d0 (11 bytes)
1784303904.219448 sending message 112 to peer 0x5bb0efdef5d0 (10 bytes)
1784303904.219453 sending message 112 to peer 0x5bb0efdef5d0 (13 bytes)
1784303904.219458 sending message 112 to peer 0x5bb0efdef5d0 (14 bytes)
1784303904.219463 sending message 112 to peer 0x5bb0efdef5d0 (19 bytes)
1784303904.219469 sending message 112 to peer 0x5bb0efdef5d0 (11 bytes)
1784303904.219474 sending message 112 to peer 0x5bb0efdef5d0 (10 bytes)
1784303904.219479 sending message 112 to peer 0x5bb0efdef5d0 (15 bytes)
1784303904.219484 sending message 112 to peer 0x5bb0efdef5d0 (21 bytes)
1784303904.219489 sending message 112 to peer 0x5bb0efdef5d0 (13 bytes)
1784303904.219495 sending message 112 to peer 0x5bb0efdef5d0 (7 bytes)
1784303904.219500 sending message 112 to peer 0x5bb0efdef5d0 (13 bytes)
1784303904.219505 sending message 112 to peer 0x5bb0efdef5d0 (7 bytes)
1784303904.219510 sending message 112 to peer 0x5bb0efdef5d0 (13 bytes)
1784303904.219515 sending message 112 to peer 0x5bb0efdef5d0 (9 bytes)
1784303904.219521 sending message 112 to peer 0x5bb0efdef5d0 (21 bytes)
1784303904.219526 sending message 112 to peer 0x5bb0efdef5d0 (13 bytes)
1784303904.219531 sending message 112 to peer 0x5bb0efdef5d0 (9 bytes)
1784303904.219536 sending message 112 to peer 0x5bb0efdef5d0 (16 bytes)
1784303904.219543 sending message 112 to peer 0x5bb0efdef5d0 (13 bytes)
1784303904.219553 sending message 112 to peer 0x5bb0efdef5d0 (9 bytes)
1784303904.219564 sending message 112 to peer 0x5bb0efdef5d0 (9 bytes)
1784303904.219574 sending message 112 to peer 0x5bb0efdef5d0 (12 bytes)
1784303904.219582 sending message 112 to peer 0x5bb0efdef5d0 (8 bytes)
1784303904.219588 sending message 112 to peer 0x5bb0efdef5d0 (8 bytes)
1784303904.219596 sending message 112 to peer 0x5bb0efdef5d0 (13 bytes)
1784303904.219603 sending message 112 to peer 0x5bb0efdef5d0 (7 bytes)
1784303904.219608 sending message 112 to peer 0x5bb0efdef5d0 (7 bytes)
1784303904.219613 sending message 112 to peer 0x5bb0efdef5d0 (9 bytes)
1784303904.219619 sending message 112 to peer 0x5bb0efdef5d0 (9 bytes)
1784303904.219624 sending message 112 to peer 0x5bb0efdef5d0 (15 bytes)
1784303904.219629 sending message 112 to peer 0x5bb0efdef5d0 (13 bytes)
1784303904.219634 sending message 112 to peer 0x5bb0efdef5d0 (12 bytes)
1784303904.219639 sending message 112 to peer 0x5bb0efdef5d0 (8 bytes)
1784303904.219644 sending message 112 to peer 0x5bb0efdef5d0 (14 bytes)
1784303904.219650 sending message 112 to peer 0x5bb0efdef5d0 (11 bytes)
1784303904.219655 sending message 112 to peer 0x5bb0efdef5d0 (9 bytes)
1784303904.219660 sending message 112 to peer 0x5bb0efdef5d0 (10 bytes)
1784303904.219665 sending message 112 to peer 0x5bb0efdef5d0 (10 bytes)
1784303904.219683 sending message 112 to peer 0x5bb0efdef5d0 (10 bytes)
1784303904.219697 sending message 112 to peer 0x5bb0efdef5d0 (10 bytes)
1784303904.219701 sending message 112 to peer 0x5bb0efdef5d0 (11 bytes)
1784303904.219704 sending message 112 to peer 0x5bb0efdef5d0 (12 bytes)
1784303904.219707 sending message 112 to peer 0x5bb0efdef5d0 (12 bytes)
1784303904.219710 sending message 112 to peer 0x5bb0efdef5d0 (12 bytes)
1784303904.219713 sending message 112 to peer 0x5bb0efdef5d0 (12 bytes)
1784303904.219716 sending message 112 to peer 0x5bb0efdef5d0 (12 bytes)
1784303904.219719 sending message 112 to peer 0x5bb0efdef5d0 (11 bytes)
1784303904.219722 sending message 112 to peer 0x5bb0efdef5d0 (11 bytes)
1784303904.219725 sending message 112 to peer 0x5bb0efdef5d0 (12 bytes)
1784303904.219728 sending message 112 to peer 0x5bb0efdef5d0 (12 bytes)
1784303904.219731 sending message 112 to peer 0x5bb0efdef5d0 (12 bytes)
1784303904.219734 sending message 112 to peer 0x5bb0efdef5d0 (12 bytes)
1784303904.219737 sending message 112 to peer 0x5bb0efdef5d0 (12 bytes)
1784303904.219740 sending message 112 to peer 0x5bb0efdef5d0 (9 bytes)
1784303904.219743 sending message 112 to peer 0x5bb0efdef5d0 (12 bytes)
1784303904.219746 sending message 112 to peer 0x5bb0efdef5d0 (13 bytes)
1784303904.219749 sending message 112 to peer 0x5bb0efdef5d0 (13 bytes)
1784303904.219752 sending message 112 to peer 0x5bb0efdef5d0 (13 bytes)
1784303904.219755 sending message 112 to peer 0x5bb0efdef5d0 (13 bytes)
1784303904.219758 sending message 112 to peer 0x5bb0efdef5d0 (13 bytes)
1784303904.219761 sending message 112 to peer 0x5bb0efdef5d0 (8 bytes)
1784303904.219764 sending message 112 to peer 0x5bb0efdef5d0 (11 bytes)
1784303904.219767 sending message 112 to peer 0x5bb0efdef5d0 (11 bytes)
1784303904.219770 sending message 112 to peer 0x5bb0efdef5d0 (11 bytes)
1784303904.219773 sending message 112 to peer 0x5bb0efdef5d0 (12 bytes)
1784303904.219776 sending message 112 to peer 0x5bb0efdef5d0 (12 bytes)
1784303904.219779 sending message 112 to peer 0x5bb0efdef5d0 (12 bytes)
1784303904.219782 sending message 112 to peer 0x5bb0efdef5d0 (12 bytes)
1784303904.219785 sending message 112 to peer 0x5bb0efdef5d0 (13 bytes)
1784303904.219788 sending message 112 to peer 0x5bb0efdef5d0 (13 bytes)
1784303904.219791 sending message 112 to peer 0x5bb0efdef5d0 (13 bytes)
1784303904.219794 sending message 112 to peer 0x5bb0efdef5d0 (8 bytes)
1784303904.219797 sending message 112 to peer 0x5bb0efdef5d0 (13 bytes)
1784303904.219800 sending message 112 to peer 0x5bb0efdef5d0 (13 bytes)
1784303904.219804 sending message 112 to peer 0x5bb0efdef5d0 (13 bytes)
1784303904.219807 sending message 112 to peer 0x5bb0efdef5d0 (13 bytes)
1784303904.219810 sending message 112 to peer 0x5bb0efdef5d0 (13 bytes)
1784303904.219813 sending message 112 to peer 0x5bb0efdef5d0 (12 bytes)
1784303904.219816 sending message 112 to peer 0x5bb0efdef5d0 (12 bytes)
1784303904.219819 sending message 112 to peer 0x5bb0efdef5d0 (12 bytes)
1784303904.219822 sending message 112 to peer 0x5bb0efdef5d0 (12 bytes)
1784303904.219825 sending message 112 to peer 0x5bb0efdef5d0 (13 bytes)
1784303904.219828 sending message 112 to peer 0x5bb0efdef5d0 (8 bytes)
1784303904.219831 sending message 112 to peer 0x5bb0efdef5d0 (13 bytes)
1784303904.219834 sending message 112 to peer 0x5bb0efdef5d0 (13 bytes)
1784303904.219837 sending message 112 to peer 0x5bb0efdef5d0 (13 bytes)
1784303904.219840 sending message 112 to peer 0x5bb0efdef5d0 (13 bytes)
1784303904.219843 sending message 112 to peer 0x5bb0efdef5d0 (13 bytes)
1784303904.219847 sending message 112 to peer 0x5bb0efdef5d0 (13 bytes)
1784303904.219850 sending message 112 to peer 0x5bb0efdef5d0 (13 bytes)
1784303904.219853 sending message 112 to peer 0x5bb0efdef5d0 (12 bytes)
1784303904.219856 sending message 112 to peer 0x5bb0efdef5d0 (12 bytes)
1784303904.219859 sending message 112 to peer 0x5bb0efdef5d0 (12 bytes)
1784303904.219862 sending message 112 to peer 0x5bb0efdef5d0 (8 bytes)
1784303904.219865 sending message 112 to peer 0x5bb0efdef5d0 (12 bytes)
1784303904.219868 sending message 112 to peer 0x5bb0efdef5d0 (13 bytes)
1784303904.219874 sending message 112 to peer 0x5bb0efdef5d0 (13 bytes)
1784303904.219878 sending message 112 to peer 0x5bb0efdef5d0 (13 bytes)
1784303904.219881 sending message 112 to peer 0x5bb0efdef5d0 (13 bytes)
1784303904.219884 sending message 112 to peer 0x5bb0efdef5d0 (13 bytes)
1784303904.219887 sending message 112 to peer 0x5bb0efdef5d0 (13 bytes)
1784303904.219890 sending message 112 to peer 0x5bb0efdef5d0 (13 bytes)
1784303904.219893 sending message 112 to peer 0x5bb0efdef5d0 (13 bytes)
1784303904.219896 sending message 112 to peer 0x5bb0efdef5d0 (12 bytes)
1784303904.219899 sending message 112 to peer 0x5bb0efdef5d0 (10 bytes)
1784303904.219902 sending message 112 to peer 0x5bb0efdef5d0 (12 bytes)
1784303904.219905 sending message 112 to peer 0x5bb0efdef5d0 (12 bytes)
1784303904.219908 sending message 112 to peer 0x5bb0efdef5d0 (12 bytes)
1784303904.219911 sending message 112 to peer 0x5bb0efdef5d0 (13 bytes)
1784303904.219914 sending message 112 to peer 0x5bb0efdef5d0 (13 bytes)
1784303904.219917 sending message 112 to peer 0x5bb0efdef5d0 (13 bytes)
1784303904.219920 sending message 112 to peer 0x5bb0efdef5d0 (13 bytes)
1784303904.219923 sending message 112 to peer 0x5bb0efdef5d0 (13 bytes)
1784303904.219926 sending message 112 to peer 0x5bb0efdef5d0 (13 bytes)
1784303904.219929 sending message 112 to peer 0x5bb0efdef5d0 (13 bytes)
1784303904.219932 sending message 112 to peer 0x5bb0efdef5d0 (10 bytes)
1784303904.219935 sending message 112 to peer 0x5bb0efdef5d0 (13 bytes)
1784303904.219938 sending message 112 to peer 0x5bb0efdef5d0 (12 bytes)
1784303904.219941 sending message 112 to peer 0x5bb0efdef5d0 (12 bytes)
1784303904.219944 sending message 112 to peer 0x5bb0efdef5d0 (12 bytes)
1784303904.219947 sending message 112 to peer 0x5bb0efdef5d0 (10 bytes)
1784303904.219950 sending message 112 to peer 0x5bb0efdef5d0 (10 bytes)
1784303904.219953 sending message 112 to peer 0x5bb0efdef5d0 (10 bytes)
1784303904.219956 sending message 112 to peer 0x5bb0efdef5d0 (12 bytes)
1784303904.219959 sending message 112 to peer 0x5bb0efdef5d0 (13 bytes)
1784303904.219962 sending message 112 to peer 0x5bb0efdef5d0 (13 bytes)
1784303904.219965 sending message 112 to peer 0x5bb0efdef5d0 (13 bytes)
1784303904.219968 sending message 112 to peer 0x5bb0efdef5d0 (13 bytes)
1784303904.219971 sending message 112 to peer 0x5bb0efdef5d0 (13 bytes)
1784303904.219974 sending message 112 to peer 0x5bb0efdef5d0 (10 bytes)
1784303904.219977 sending message 112 to peer 0x5bb0efdef5d0 (11 bytes)
1784303904.219980 sending message 112 to peer 0x5bb0efdef5d0 (12 bytes)
1784303904.219983 sending message 112 to peer 0x5bb0efdef5d0 (12 bytes)
1784303904.219986 sending message 112 to peer 0x5bb0efdef5d0 (12 bytes)
1784303904.219989 sending message 112 to peer 0x5bb0efdef5d0 (12 bytes)
1784303904.219992 sending message 112 to peer 0x5bb0efdef5d0 (12 bytes)
1784303904.219995 sending message 112 to peer 0x5bb0efdef5d0 (11 bytes)
1784303904.219998 sending message 112 to peer 0x5bb0efdef5d0 (12 bytes)
1784303904.220001 sending message 112 to peer 0x5bb0efdef5d0 (12 bytes)
1784303904.220005 sending message 112 to peer 0x5bb0efdef5d0 (13 bytes)
1784303904.220008 sending message 112 to peer 0x5bb0efdef5d0 (13 bytes)
1784303904.220012 sending message 112 to peer 0x5bb0efdef5d0 (13 bytes)
1784303904.220015 sending message 112 to peer 0x5bb0efdef5d0 (13 bytes)
1784303904.220018 sending message 112 to peer 0x5bb0efdef5d0 (13 bytes)
1784303904.220021 sending message 112 to peer 0x5bb0efdef5d0 (10 bytes)
1784303904.220024 sending message 112 to peer 0x5bb0efdef5d0 (9 bytes)
1784303904.220027 sending message 112 to peer 0x5bb0efdef5d0 (12 bytes)
1784303904.220030 sending message 112 to peer 0x5bb0efdef5d0 (13 bytes)
1784303904.220033 sending message 112 to peer 0x5bb0efdef5d0 (13 bytes)
1784303904.220036 sending message 112 to peer 0x5bb0efdef5d0 (13 bytes)
1784303904.220039 sending message 112 to peer 0x5bb0efdef5d0 (13 bytes)
1784303904.220042 sending message 112 to peer 0x5bb0efdef5d0 (13 bytes)
1784303904.220045 sending message 112 to peer 0x5bb0efdef5d0 (9 bytes)
1784303904.220051 sending message 112 to peer 0x5bb0efdef5d0 (12 bytes)
1784303904.220054 sending message 112 to peer 0x5bb0efdef5d0 (13 bytes)
1784303904.220057 sending message 112 to peer 0x5bb0efdef5d0 (13 bytes)
1784303904.220060 sending message 112 to peer 0x5bb0efdef5d0 (13 bytes)
1784303904.220063 sending message 112 to peer 0x5bb0efdef5d0 (13 bytes)
1784303904.220066 sending message 112 to peer 0x5bb0efdef5d0 (13 bytes)
1784303904.220070 sending message 112 to peer 0x5bb0efdef5d0 (11 bytes)
1784303904.220073 sending message 112 to peer 0x5bb0efdef5d0 (12 bytes)
1784303904.220076 sending message 112 to peer 0x5bb0efdef5d0 (13 bytes)
1784303904.220079 sending message 112 to peer 0x5bb0efdef5d0 (13 bytes)
1784303904.220082 sending message 112 to peer 0x5bb0efdef5d0 (13 bytes)
1784303904.220085 sending message 112 to peer 0x5bb0efdef5d0 (13 bytes)
1784303904.220088 sending message 112 to peer 0x5bb0efdef5d0 (13 bytes)
1784303904.220091 sending message 112 to peer 0x5bb0efdef5d0 (11 bytes)
1784303904.220094 sending message 112 to peer 0x5bb0efdef5d0 (12 bytes)
1784303904.220097 sending message 112 to peer 0x5bb0efdef5d0 (12 bytes)
1784303904.220100 sending message 112 to peer 0x5bb0efdef5d0 (12 bytes)
1784303904.220103 sending message 112 to peer 0x5bb0efdef5d0 (12 bytes)
1784303904.220106 sending message 112 to peer 0x5bb0efdef5d0 (12 bytes)
1784303904.220109 sending message 112 to peer 0x5bb0efdef5d0 (21 bytes)
1784303904.220112 sending message 112 to peer 0x5bb0efdef5d0 (12 bytes)
1784303904.220115 sending message 112 to peer 0x5bb0efdef5d0 (9 bytes)
1784303904.220118 sending message 112 to peer 0x5bb0efdef5d0 (6 bytes)
1784303904.220121 sending message 112 to peer 0x5bb0efdef5d0 (13 bytes)
1784303904.220124 sending message 112 to peer 0x5bb0efdef5d0 (10 bytes)
1784303904.220127 sending message 112 to peer 0x5bb0efdef5d0 (24 bytes)
1784303904.220130 sending message 112 to peer 0x5bb0efdef5d0 (13 bytes)
1784303904.220133 sending message 112 to peer 0x5bb0efdef5d0 (9 bytes)
1784303904.220136 sending message 112 to peer 0x5bb0efdef5d0 (70 bytes)
1784303904.220139 sending message 112 to peer 0x5bb0efdef5d0 (69 bytes)
1784303904.220142 sending message 112 to peer 0x5bb0efdef5d0 (12 bytes)
1784303904.220145 sending message 112 to peer 0x5bb0efdef5d0 (10 bytes)
1784303904.220148 sending message 112 to peer 0x5bb0efdef5d0 (10 bytes)
1784303904.220152 sending message 112 to peer 0x5bb0efdef5d0 (24 bytes)
1784303904.220155 sending message 112 to peer 0x5bb0efdef5d0 (13 bytes)
1784303904.220158 sending message 112 to peer 0x5bb0efdef5d0 (10 bytes)
1784303904.220161 sending message 112 to peer 0x5bb0efdef5d0 (10 bytes)
1784303904.220164 sending message 112 to peer 0x5bb0efdef5d0 (10 bytes)
1784303904.220167 sending message 112 to peer 0x5bb0efdef5d0 (13 bytes)
1784303904.220170 sending message 112 to peer 0x5bb0efdef5d0 (15 bytes)
1784303904.220173 sending message 112 to peer 0x5bb0efdef5d0 (5 bytes)
1784303904.220177 sending message 104 to peer 0x5bb0efdef5d0 (0 bytes)
1784303904.220181 sending message 110 to peer 0x5bb0efdef5d0 (0 bytes)
1784303904.220185 sending message 107 to peer 0x5bb0efdef5d0 (4 bytes)
1784303904.220188 sending message 105 to peer 0x5bb0efdef5d0 (23 bytes)
1784303904.220191 sending message 105 to peer 0x5bb0efdef5d0 (23 bytes)
1784303904.220194 sending message 105 to peer 0x5bb0efdef5d0 (20 bytes)
1784303904.220197 sending message 105 to peer 0x5bb0efdef5d0 (54 bytes)
1784303904.220201 sending message 105 to peer 0x5bb0efdef5d0 (47 bytes)
1784303904.220204 sending message 105 to peer 0x5bb0efdef5d0 (28 bytes)
1784303904.220207 sending message 105 to peer 0x5bb0efdef5d0 (19 bytes)
1784303904.220210 sending message 105 to peer 0x5bb0efdef5d0 (11 bytes)
1784303904.220213 sending message 105 to peer 0x5bb0efdef5d0 (12 bytes)
1784303904.220217 sending message 105 to peer 0x5bb0efdef5d0 (813 bytes)
1784303904.220220 sending message 105 to peer 0x5bb0efdef5d0 (80 bytes)
1784303904.220223 sending message 105 to peer 0x5bb0efdef5d0 (334 bytes)
1784303904.220226 sending message 105 to peer 0x5bb0efdef5d0 (29 bytes)
1784303904.220233 sending message 105 to peer 0x5bb0efdef5d0 (14 bytes)
1784303904.220236 sending message 105 to peer 0x5bb0efdef5d0 (42 bytes)
1784303904.220239 sending message 105 to peer 0x5bb0efdef5d0 (16 bytes)
1784303904.220242 sending message 105 to peer 0x5bb0efdef5d0 (25 bytes)
1784303904.220245 sending message 105 to peer 0x5bb0efdef5d0 (52 bytes)
1784303904.220248 sending message 105 to peer 0x5bb0efdef5d0 (35 bytes)
1784303904.220251 sending message 105 to peer 0x5bb0efdef5d0 (19 bytes)
1784303904.220254 sending message 105 to peer 0x5bb0efdef5d0 (28 bytes)
1784303904.220257 sending message 105 to peer 0x5bb0efdef5d0 (20 bytes)
1784303904.220261 sending message 105 to peer 0x5bb0efdef5d0 (41 bytes)
1784303904.220264 sending message 105 to peer 0x5bb0efdef5d0 (17 bytes)
1784303904.220267 sending message 105 to peer 0x5bb0efdef5d0 (21 bytes)
1784303904.220270 sending message 105 to peer 0x5bb0efdef5d0 (17 bytes)
1784303904.220273 sending message 105 to peer 0x5bb0efdef5d0 (20 bytes)
1784303904.220276 sending message 105 to peer 0x5bb0efdef5d0 (45 bytes)
1784303904.220279 sending message 105 to peer 0x5bb0efdef5d0 (31 bytes)
1784303904.220282 sending message 105 to peer 0x5bb0efdef5d0 (587 bytes)
1784303904.220285 sending message 105 to peer 0x5bb0efdef5d0 (28 bytes)
1784303904.220288 sending message 105 to peer 0x5bb0efdef5d0 (33 bytes)
1784303904.220291 sending message 105 to peer 0x5bb0efdef5d0 (19 bytes)
1784303904.220294 sending message 105 to peer 0x5bb0efdef5d0 (18 bytes)
1784303904.220297 sending message 105 to peer 0x5bb0efdef5d0 (58 bytes)
1784303904.220301 sending message 105 to peer 0x5bb0efdef5d0 (19 bytes)
1784303904.220304 sending message 105 to peer 0x5bb0efdef5d0 (8 bytes)
1784303904.220307 sending message 105 to peer 0x5bb0efdef5d0 (51 bytes)
1784303904.220310 sending message 105 to peer 0x5bb0efdef5d0 (20 bytes)
1784303904.220313 sending message 105 to peer 0x5bb0efdef5d0 (18 bytes)
1784303904.220316 sending message 105 to peer 0x5bb0efdef5d0 (25 bytes)
1784303904.220319 sending message 105 to peer 0x5bb0efdef5d0 (35 bytes)
1784303904.220322 sending message 105 to peer 0x5bb0efdef5d0 (36 bytes)
1784303904.220325 sending message 105 to peer 0x5bb0efdef5d0 (48 bytes)
1784303904.220328 sending message 105 to peer 0x5bb0efdef5d0 (61 bytes)
1784303904.220331 sending message 105 to peer 0x5bb0efdef5d0 (21 bytes)
1784303904.220334 sending message 105 to peer 0x5bb0efdef5d0 (15 bytes)
1784303904.220337 sending message 105 to peer 0x5bb0efdef5d0 (54 bytes)
1784303904.220340 sending message 105 to peer 0x5bb0efdef5d0 (33 bytes)
1784303904.220343 sending message 105 to peer 0x5bb0efdef5d0 (35 bytes)
1784303904.220346 sending message 105 to peer 0x5bb0efdef5d0 (29 bytes)
1784303904.220350 sending message 105 to peer 0x5bb0efdef5d0 (14 bytes)
1784303904.220353 sending message 105 to peer 0x5bb0efdef5d0 (18 bytes)
1784303904.220356 sending message 105 to peer 0x5bb0efdef5d0 (13 bytes)
1784303904.220359 sending message 105 to peer 0x5bb0efdef5d0 (41 bytes)
1784303904.220362 sending message 105 to peer 0x5bb0efdef5d0 (41 bytes)
1784303904.220365 sending message 105 to peer 0x5bb0efdef5d0 (39 bytes)
1784303904.220368 sending message 105 to peer 0x5bb0efdef5d0 (23 bytes)
1784303904.220371 sending message 105 to peer 0x5bb0efdef5d0 (156 bytes)
1784303904.220375 sending message 105 to peer 0x5bb0efdef5d0 (42 bytes)
1784303904.220378 sending message 105 to peer 0x5bb0efdef5d0 (31 bytes)
1784303904.220381 sending message 105 to peer 0x5bb0efdef5d0 (15 bytes)
1784303904.220384 sending message 105 to peer 0x5bb0efdef5d0 (23 bytes)
1784303904.220387 sending message 105 to peer 0x5bb0efdef5d0 (23 bytes)
1784303904.220390 sending message 105 to peer 0x5bb0efdef5d0 (17 bytes)
1784303904.220393 sending message 105 to peer 0x5bb0efdef5d0 (21 bytes)
1784303904.220396 sending message 105 to peer 0x5bb0efdef5d0 (11 bytes)
1784303904.220399 sending message 105 to peer 0x5bb0efdef5d0 (20 bytes)
1784303904.220402 sending message 105 to peer 0x5bb0efdef5d0 (30 bytes)
1784303904.220405 sending message 105 to peer 0x5bb0efdef5d0 (22 bytes)
1784303904.220411 sending message 105 to peer 0x5bb0efdef5d0 (128 bytes)
1784303904.220414 sending message 105 to peer 0x5bb0efdef5d0 (37 bytes)
1784303904.220417 sending message 105 to peer 0x5bb0efdef5d0 (43 bytes)
1784303904.220421 sending message 105 to peer 0x5bb0efdef5d0 (55 bytes)
1784303904.220424 sending message 105 to peer 0x5bb0efdef5d0 (180 bytes)
1784303904.220427 sending message 105 to peer 0x5bb0efdef5d0 (127 bytes)
1784303904.220430 sending message 105 to peer 0x5bb0efdef5d0 (123 bytes)
1784303904.220433 sending message 105 to peer 0x5bb0efdef5d0 (57 bytes)
1784303904.220436 sending message 105 to peer 0x5bb0efdef5d0 (93 bytes)
1784303904.220440 sending message 105 to peer 0x5bb0efdef5d0 (100 bytes)
1784303904.220443 sending message 105 to peer 0x5bb0efdef5d0 (75 bytes)
1784303904.220446 sending message 105 to peer 0x5bb0efdef5d0 (97 bytes)
1784303904.220449 sending message 105 to peer 0x5bb0efdef5d0 (89 bytes)
1784303904.220452 sending message 105 to peer 0x5bb0efdef5d0 (56 bytes)
1784303904.220455 sending message 105 to peer 0x5bb0efdef5d0 (40 bytes)
1784303904.220458 sending message 105 to peer 0x5bb0efdef5d0 (36 bytes)
1784303904.220461 sending message 105 to peer 0x5bb0efdef5d0 (35 bytes)
1784303904.220464 sending message 105 to peer 0x5bb0efdef5d0 (37 bytes)
1784303904.220467 sending message 105 to peer 0x5bb0efdef5d0 (37 bytes)
1784303904.220470 sending message 105 to peer 0x5bb0efdef5d0 (46 bytes)
1784303904.220473 sending message 105 to peer 0x5bb0efdef5d0 (48 bytes)
1784303904.220476 sending message 105 to peer 0x5bb0efdef5d0 (37 bytes)
1784303904.220479 sending message 105 to peer 0x5bb0efdef5d0 (37 bytes)
1784303904.220482 sending message 105 to peer 0x5bb0efdef5d0 (39 bytes)
1784303904.220485 sending message 105 to peer 0x5bb0efdef5d0 (38 bytes)
1784303904.220488 sending message 105 to peer 0x5bb0efdef5d0 (40 bytes)
1784303904.220492 sending message 105 to peer 0x5bb0efdef5d0 (42 bytes)
1784303904.220495 sending message 105 to peer 0x5bb0efdef5d0 (36 bytes)
1784303904.220498 sending message 105 to peer 0x5bb0efdef5d0 (36 bytes)
1784303904.220501 sending message 105 to peer 0x5bb0efdef5d0 (41 bytes)
1784303904.220505 sending message 105 to peer 0x5bb0efdef5d0 (19 bytes)
1784303904.220508 sending message 105 to peer 0x5bb0efdef5d0 (38 bytes)
1784303904.220512 sending message 105 to peer 0x5bb0efdef5d0 (26 bytes)
1784303904.220515 sending message 105 to peer 0x5bb0efdef5d0 (73 bytes)
1784303904.220518 sending message 105 to peer 0x5bb0efdef5d0 (32 bytes)
1784303904.220521 sending message 105 to peer 0x5bb0efdef5d0 (40 bytes)
1784303904.220524 sending message 105 to peer 0x5bb0efdef5d0 (18 bytes)
1784303904.220527 sending message 105 to peer 0x5bb0efdef5d0 (45 bytes)
1784303904.220530 sending message 105 to peer 0x5bb0efdef5d0 (27 bytes)
1784303904.220533 sending message 105 to peer 0x5bb0efdef5d0 (13 bytes)
1784303904.220536 sending message 105 to peer 0x5bb0efdef5d0 (47 bytes)
1784303904.220539 sending message 105 to peer 0x5bb0efdef5d0 (50 bytes)
1784303904.220542 sending message 106 to peer 0x5bb0efdef5d0 (0 bytes)
1784303904.220597 sending message 200 to peer 0x5bb0efdef5d0 (4 bytes)
1784303904.220602 client loop enter
1784303904.221549 peer 0x5bb0efdef5d0 message 303
1784303904.221563 open write file 2 -
1784303904.221575 sending message 305 to peer 0x5bb0efdef5d0 (8 bytes)
1784303904.221591 write check file 2
1784303904.221639 peer 0x5bb0efdef5d0 message 304
1784303904.221645 write 58 to file 2
1784303904.221650 peer 0x5bb0efdef5d0 message 203
1784303904.221655 file 2 58 bytes left
1784303904.221677 write check file 2
1784303904.221684 client loop exit
