[master b6f6d29] auto: backup changes on 2025-07-02 01:00:01
 1 file changed, 3 insertions(+)
To https://github.com/lalitmee/second-brain.git
   a8f4b9c..b6f6d29  master -> master
[master fe7f641] auto: backup changes on 2025-07-02 14:57:46
 1 file changed, 22 insertions(+), 10 deletions(-)
To github-personal:lalitmee/second-brain.git
 ! [rejected]        master -> master (fetch first)
error: failed to push some refs to 'github-personal:lalitmee/second-brain.git'
hint: Updates were rejected because the remote contains work that you do
hint: not have locally. This is usually caused by another repository pushing
hint: to the same ref. You may want to first integrate the remote changes
hint: (e.g., 'git pull ...') before pushing again.
hint: See the 'Note about fast-forwards' in 'git push --help' for details.
fatal: Unable to read current working directory: Operation not permitted
fatal: Unable to read current working directory: Operation not permitted
fatal: Unable to read current working directory: Operation not permitted
fatal: Unable to read current working directory: Operation not permitted
From github-personal:lalitmee/second-brain
   a8f4b9c..b6f6d29  master     -> origin/master
Rebasing (1/1)Auto-merging agenda/todos.org
CONFLICT (content): Merge conflict in agenda/todos.org
error: could not apply fe7f641... auto: backup changes on 2025-07-02 14:57:46
hint: Resolve all conflicts manually, mark them as resolved with
hint: "git add/rm <conflicted_files>", then run "git rebase --continue".
hint: You can instead skip this commit: run "git rebase --skip".
hint: To abort and get back to the state before "git rebase", run "git rebase --abort".
Could not apply fe7f641... auto: backup changes on 2025-07-02 14:57:46
[detached HEAD 3a35dfa] auto: backup changes on 2025-07-02 15:01:48
 1 file changed, 24 insertions(+), 10 deletions(-)
fatal: You are not currently on a branch.
To push the history leading to the current (detached HEAD)
state now, use

    git push origin HEAD:<name-of-remote-branch>

Already up to date.
✅ No changes to commit
🕒 Run started at: 2025-07-02 15:18:21
------------------------------------------------------------
📦 Backup attempt at: 2025-07-02 15:18:21
Already up to date.
✅ No changes to commit
------------------------------------------------------------
🕒 Run started at: 2025-07-02 15:19:19
📦 Backup attempt at: 2025-07-02 15:19:19
Already up to date.
✅ No changes to commit
------------------------------------------------------------
🕒 Run started at: 2025-07-02 23:00:01
📦 Backup attempt at: 2025-07-02 23:00:01
Already up to date.
✅ No changes to commit
------------------------------------------------------------
🕒 Run started at: 2025-07-03 00:00:02
📦 Backup attempt at: 2025-07-03 00:00:02
error: cannot pull with rebase: You have unstaged changes.
error: Please commit or stash them.
[master 8502873] auto: backup changes on 2025-07-03 00:00:02
 1 file changed, 3 insertions(+), 3 deletions(-)
To https://github.com/lalitmee/second-brain.git
   505383c..8502873  master -> master
✅ Backup committed and pushed
------------------------------------------------------------
🕒 Run started at: 2025-07-03 01:00:02
📦 Backup attempt at: 2025-07-03 01:00:02
Already up to date.
✅ No changes to commit
